<?xml version="1.0" encoding="UTF-8"?>
<!-- Generated by org.testng.reporters.JUnitXMLReporter -->
<testsuite ignored="1" hostname="ArvindPC" failures="0" tests="1" name="Default test" time="0.136" errors="0" timestamp="2021-07-24T02:48:08 GMT-04:00">
  <testcase classname="Udemy.MavenLearning.SeleniumTest" name="SeleniumTest2" time="0.024"/>
  <testcase classname="Udemy.MavenLearning.SeleniumTest" name="SeleniumTest1" time="0.0">
    <ignored/>
  </testcase> <!-- SeleniumTest1 -->
</testsuite> <!-- Default test -->
