<?xml version="1.0" encoding="UTF-8"?>
<!-- Generated by org.testng.reporters.JUnitXMLReporter -->
<testsuite ignored="0" hostname="ArvindPC" failures="0" tests="6" name="Command line test" time="0.225" errors="0" timestamp="2021-07-24T03:42:44 GMT-04:00">
  <testcase classname="Udemy.MavenLearning.APITest" name="APITest1" time="0.021"/>
  <testcase classname="Udemy.MavenLearning.APITest" name="APITest2" time="0.001"/>
  <testcase classname="Udemy.MavenLearning.AppiumTest" name="AppiumTest1" time="0.001"/>
  <testcase classname="Udemy.MavenLearning.AppiumTest" name="AppiumTest2" time="0.01"/>
  <testcase classname="Udemy.MavenLearning.SeleniumTest" name="SeleniumTest1" time="0.0"/>
  <testcase classname="Udemy.MavenLearning.SeleniumTest" name="SeleniumTest2" time="0.001"/>
</testsuite> <!-- Command line test -->
