<?xml version="1.0" encoding="UTF-8"?>
<!-- Generated by org.testng.reporters.JUnitXMLReporter -->
<testsuite ignored="0" hostname="ArvindPC" failures="0" tests="6" name="Test2" time="0.231" errors="0" timestamp="2021-07-24T14:47:50 GMT-04:00">
  <testcase classname="Udemy.MavenLearning.APITest" name="APITest1" time="0.016"/>
  <testcase classname="Udemy.MavenLearning.APITest" name="APITest2" time="0.003"/>
  <testcase classname="Udemy.MavenLearning.SeleniumTest" name="SeleniumTest1" time="0.001"/>
  <testcase classname="Udemy.MavenLearning.SeleniumTest" name="SeleniumTest2" time="0.001"/>
  <testcase classname="Udemy.MavenLearning.AppiumTest" name="AppiumTest1" time="0.001"/>
  <testcase classname="Udemy.MavenLearning.AppiumTest" name="AppiumTest2" time="0.001"/>
</testsuite> <!-- Test2 -->
