<?xml version="1.0" encoding="UTF-8"?>
<testng-results ignored="1" total="2" passed="1" failed="0" skipped="0">
  <reporter-output>
  </reporter-output>
  <suite started-at="2021-07-24T02:48:08 GMT-04:00" name="Default suite" finished-at="2021-07-24T02:48:08 GMT-04:00" duration-ms="136">
    <groups>
    </groups>
    <test started-at="2021-07-24T02:48:08 GMT-04:00" name="Default test" finished-at="2021-07-24T02:48:08 GMT-04:00" duration-ms="136">
      <class name="Udemy.MavenLearning.SeleniumTest">
        <test-method signature="SeleniumTest2()[pri:0, instance:Udemy.MavenLearning.SeleniumTest@3c7f66c4]" started-at="2021-07-24T02:48:08 GMT-04:00" name="SeleniumTest2" finished-at="2021-07-24T02:48:08 GMT-04:00" duration-ms="24" status="PASS">
          <reporter-output>
          </reporter-output>
        </test-method> <!-- SeleniumTest2 -->
      </class> <!-- Udemy.MavenLearning.SeleniumTest -->
    </test> <!-- Default test -->
  </suite> <!-- Default suite -->
</testng-results>
