<?xml version="1.0" encoding="UTF-8"?>
<testng-results ignored="0" total="2" passed="2" failed="0" skipped="0">
  <reporter-output>
  </reporter-output>
  <suite started-at="2021-07-26T01:43:20 GMT-04:00" name="Default suite" finished-at="2021-07-26T01:43:20 GMT-04:00" duration-ms="203">
    <groups>
    </groups>
    <test started-at="2021-07-26T01:43:20 GMT-04:00" name="Default test" finished-at="2021-07-26T01:43:20 GMT-04:00" duration-ms="203">
      <class name="Udemy.MavenLearning.APITest">
        <test-method signature="APITest1()[pri:0, instance:Udemy.MavenLearning.APITest@37d4349f]" started-at="2021-07-26T01:43:20 GMT-04:00" name="APITest1" finished-at="2021-07-26T01:43:20 GMT-04:00" duration-ms="30" status="PASS">
          <reporter-output>
          </reporter-output>
        </test-method> <!-- APITest1 -->
        <test-method signature="APITest2()[pri:0, instance:Udemy.MavenLearning.APITest@37d4349f]" started-at="2021-07-26T01:43:20 GMT-04:00" name="APITest2" finished-at="2021-07-26T01:43:20 GMT-04:00" duration-ms="4" status="PASS">
          <reporter-output>
          </reporter-output>
        </test-method> <!-- APITest2 -->
      </class> <!-- Udemy.MavenLearning.APITest -->
    </test> <!-- Default test -->
  </suite> <!-- Default suite -->
</testng-results>
